#
# A fatal error has been detected by the Java Runtime Environment:
#
#  EXCEPTION_ACCESS_VIOLATION (0xc0000005) at pc=0x000000005c0932f5, pid=10736, tid=9064
#
# JRE version: 7.0_09-b05
# Java VM: Java HotSpot(TM) 64-Bit Server VM (23.5-b02 mixed mode windows-amd64 compressed oops)
# Problematic frame:
# V  [jvm.dll+0x732f5]
#
# Failed to write core dump. Minidumps are not enabled by default on client versions of Windows
#
# If you would like to submit a bug report, please visit:
#   http://bugreport.sun.com/bugreport/crash.jsp
#

---------------  T H R E A D  ---------------

Current thread (0x000000000fa06000):  JavaThread "Executor task launch worker-6" daemon [_thread_in_vm, id=9064, stack(0x0000000014c20000,0x0000000014d20000)]

siginfo: ExceptionCode=0xc0000005, reading address 0x0000000680000000

Registers:
RAX=0x000000077fffffe8, RBX=0x0000000000000018, RCX=0x0000000014d1de50, RDX=0xffffffff00000018
RSP=0x0000000014d1de28, RBP=0x0000000014d1de60, RSI=0x0000000000000040, RDI=0x0000000000000002
R8 =0x000000007fffffe8, R9 =0x000000007fffffe8, R10=0x0000000000000018, R11=0x000000077fffffe8
R12=0x000000000eb44a60, R13=0x0000000000000001, R14=0x00000007805ad8b8, R15=0x000000000eb44df8
RIP=0x000000005c0932f5, EFLAGS=0x0000000000010296

Top of Stack: (sp=0x0000000014d1de28)
0x0000000014d1de28:   000000005c105704 0000000000000001
0x0000000014d1de38:   00000007805ad9d8 0000000014d1de60
0x0000000014d1de48:   000000000eb44a20 000000077fffffe8
0x0000000014d1de58:   00000000000000aa 000000000eb44a20
0x0000000014d1de68:   0000000014d1df10 000000000eb44a10
0x0000000014d1de78:   000000000eb44a60 00000007805ad8b8
0x0000000014d1de88:   00000007805ad9c0 000000000fcd8290
0x0000000014d1de98:   000000005c104f2c 000000000fcd8290
0x0000000014d1dea8:   0000000001000000 0000000014d1df10
0x0000000014d1deb8:   0000000703000000 0000000000000002
0x0000000014d1dec8:   0000000000000548 0000000000000003
0x0000000014d1ded8:   000000000eb44a10 000000000fcd8290
0x0000000014d1dee8:   000000005c105173 00000007805ad8b8
0x0000000014d1def8:   0000000000000010 00000000000004d0
0x0000000014d1df08:   00000000000004c0 000000000eb41718
0x0000000014d1df18:   0000003400000018 000000aa000000df 

Instructions: (pc=0x000000005c0932f5)
0x000000005c0932d5:   40 48 83 c4 20 5f e9 f0 ff 03 00 4c 63 01 41 8d
0x000000005c0932e5:   44 90 10 48 63 d0 48 8b 01 48 83 e2 fc 49 2b d0
0x000000005c0932f5:   8b 0c 02 0f b6 c1 89 4c 24 10 0f b6 4c 24 11 c1
0x000000005c093305:   e0 08 0b c1 0f b6 4c 24 12 c1 e0 08 0b c1 0f b6 


Register to memory mapping:

RAX=0x000000077fffffe8 is an oop
{constMethod} 
 - klass: {other class}
 - method:       0x0000000780000100 {method} 'read' '(Lparquet/org/apache/thrift/protocol/TProtocol;)V' in 'org/apache/parquet/format/ColumnChunk'
 - exceptions:   0x000000077bc01d50
 - stackmap data:       [B
bci_from(000000077FFFFFE8) = 24; print_codes():
RBX=0x0000000000000018 is an unknown value
RCX=0x0000000014d1de50 is pointing into the stack for thread: 0x000000000fa06000
RDX=0xffffffff00000018 is an unknown value
RSP=0x0000000014d1de28 is pointing into the stack for thread: 0x000000000fa06000
RBP=0x0000000014d1de60 is pointing into the stack for thread: 0x000000000fa06000
RSI=0x0000000000000040 is an unknown value
RDI=0x0000000000000002 is an unknown value
R8 =0x000000007fffffe8 is an unknown value
R9 =0x000000007fffffe8 is an unknown value
R10=0x0000000000000018 is an unknown value
R11=0x000000077fffffe8 is an oop
{constMethod} 
 - klass: {other class}
 - method:       0x0000000780000100 {method} 'read' '(Lparquet/org/apache/thrift/protocol/TProtocol;)V' in 'org/apache/parquet/format/ColumnChunk'
 - exceptions:   0x000000077bc01d50
 - stackmap data:       [B
bci_from(000000077FFFFFE8) = 24; print_codes():
R12=0x000000000eb44a60 is an unknown value
R13=0x0000000000000001 is an unknown value
R14=